build/outputs/logs/manifest-merger-release-report.txt
-- Merging decision tree log ---
manifest
ADDED from bin\DengueZeroCidadao\AndroidManifest.xml:2:1-26:12
	android:hardwareAccelerated
		ADDED from bin\DengueZeroCidadao\AndroidManifest.xml:2:11-45
	xmlns:android
		ADDED from bin\DengueZeroCidadao\AndroidManifest.xml:2:131-189
	package
		ADDED from bin\DengueZeroCidadao\AndroidManifest.xml:2:96-130
	android:versionName
		ADDED from bin\DengueZeroCidadao\AndroidManifest.xml:2:70-95
		INJECTED from bin\DengueZeroCidadao\AndroidManifest.xml
		INJECTED from bin\DengueZeroCidadao\AndroidManifest.xml
	android:versionCode
		ADDED from bin\DengueZeroCidadao\AndroidManifest.xml:2:46-69
		INJECTED from bin\DengueZeroCidadao\AndroidManifest.xml
		INJECTED from bin\DengueZeroCidadao\AndroidManifest.xml
uses-sdk
ADDED from bin\DengueZeroCidadao\AndroidManifest.xml:3:5-74
MERGED from [DengueZeroCidadao:CordovaLib:unspecified:release] AndroidManifest.xml:25:5-44
	android:targetSdkVersion
		ADDED from bin\DengueZeroCidadao\AndroidManifest.xml:3:42-71
	android:minSdkVersion
		ADDED from bin\DengueZeroCidadao\AndroidManifest.xml:3:15-41
supports-screens
ADDED from bin\DengueZeroCidadao\AndroidManifest.xml:4:5-191
	android:resizeable
		ADDED from bin\DengueZeroCidadao\AndroidManifest.xml:4:106-131
	android:largeScreens
		ADDED from bin\DengueZeroCidadao\AndroidManifest.xml:4:49-76
	android:anyDensity
		ADDED from bin\DengueZeroCidadao\AndroidManifest.xml:4:23-48
	android:normalScreens
		ADDED from bin\DengueZeroCidadao\AndroidManifest.xml:4:77-105
	android:xlargeScreens
		ADDED from bin\DengueZeroCidadao\AndroidManifest.xml:4:160-188
	android:smallScreens
		ADDED from bin\DengueZeroCidadao\AndroidManifest.xml:4:132-159
uses-permission#android.permission.INTERNET
ADDED from bin\DengueZeroCidadao\AndroidManifest.xml:5:5-67
	android:name
		ADDED from bin\DengueZeroCidadao\AndroidManifest.xml:5:22-64
uses-permission#android.permission.ACCESS_NETWORK_STATE
ADDED from bin\DengueZeroCidadao\AndroidManifest.xml:6:5-79
	android:name
		ADDED from bin\DengueZeroCidadao\AndroidManifest.xml:6:22-76
uses-permission#android.permission.ACCESS_WIFI_STATE
ADDED from bin\DengueZeroCidadao\AndroidManifest.xml:7:5-76
	android:name
		ADDED from bin\DengueZeroCidadao\AndroidManifest.xml:7:22-73
uses-permission#android.permission.CAMERA
ADDED from bin\DengueZeroCidadao\AndroidManifest.xml:8:5-65
	android:name
		ADDED from bin\DengueZeroCidadao\AndroidManifest.xml:8:22-62
uses-permission#android.permission.VIBRATE
ADDED from bin\DengueZeroCidadao\AndroidManifest.xml:9:5-66
	android:name
		ADDED from bin\DengueZeroCidadao\AndroidManifest.xml:9:22-63
uses-permission#android.permission.ACCESS_LOCATION_EXTRA_COMMANDS
ADDED from bin\DengueZeroCidadao\AndroidManifest.xml:10:5-89
	android:name
		ADDED from bin\DengueZeroCidadao\AndroidManifest.xml:10:22-86
uses-permission#android.permission.WRITE_EXTERNAL_STORAGE
ADDED from bin\DengueZeroCidadao\AndroidManifest.xml:11:5-81
	android:name
		ADDED from bin\DengueZeroCidadao\AndroidManifest.xml:11:22-78
uses-permission#com.android.launcher.permission.INSTALL_SHORTCUT
ADDED from bin\DengueZeroCidadao\AndroidManifest.xml:12:5-88
	android:name
		ADDED from bin\DengueZeroCidadao\AndroidManifest.xml:12:22-85
uses-permission#android.permission.ACCESS_COARSE_LOCATION
ADDED from bin\DengueZeroCidadao\AndroidManifest.xml:13:5-81
	android:name
		ADDED from bin\DengueZeroCidadao\AndroidManifest.xml:13:22-78
uses-permission#android.permission.ACCESS_FINE_LOCATION
ADDED from bin\DengueZeroCidadao\AndroidManifest.xml:14:5-79
	android:name
		ADDED from bin\DengueZeroCidadao\AndroidManifest.xml:14:22-76
uses-permission#android.permission.READ_PHONE_STATE
ADDED from bin\DengueZeroCidadao\AndroidManifest.xml:15:5-75
	android:name
		ADDED from bin\DengueZeroCidadao\AndroidManifest.xml:15:22-72
uses-permission#android.permission.READ_EXTERNAL_STORAGE
ADDED from bin\DengueZeroCidadao\AndroidManifest.xml:16:5-80
	android:name
		ADDED from bin\DengueZeroCidadao\AndroidManifest.xml:16:22-77
application
ADDED from bin\DengueZeroCidadao\AndroidManifest.xml:17:5-25:19
	android:supportsRtl
		ADDED from bin\DengueZeroCidadao\AndroidManifest.xml:17:116-142
	android:label
		ADDED from bin\DengueZeroCidadao\AndroidManifest.xml:17:83-115
	android:icon
		ADDED from bin\DengueZeroCidadao\AndroidManifest.xml:17:53-82
	android:hardwareAccelerated
		ADDED from bin\DengueZeroCidadao\AndroidManifest.xml:17:18-52
activity#br.com.denguezerocidadao.MainActivity
ADDED from bin\DengueZeroCidadao\AndroidManifest.xml:18:9-23:20
	android:windowSoftInputMode
		ADDED from bin\DengueZeroCidadao\AndroidManifest.xml:18:260-302
	android:screenOrientation
		ADDED from bin\DengueZeroCidadao\AndroidManifest.xml:18:169-205
	android:label
		ADDED from bin\DengueZeroCidadao\AndroidManifest.xml:18:70-107
	android:configChanges
		ADDED from bin\DengueZeroCidadao\AndroidManifest.xml:18:19-69
	android:theme
		ADDED from bin\DengueZeroCidadao\AndroidManifest.xml:18:206-259
	android:name
		ADDED from bin\DengueZeroCidadao\AndroidManifest.xml:18:140-168
	android:launchMode
		ADDED from bin\DengueZeroCidadao\AndroidManifest.xml:18:108-139
intent-filter#android.intent.action.MAIN+android.intent.category.LAUNCHER
ADDED from bin\DengueZeroCidadao\AndroidManifest.xml:19:13-22:29
	android:label
		ADDED from bin\DengueZeroCidadao\AndroidManifest.xml:19:28-65
action#android.intent.action.MAIN
ADDED from bin\DengueZeroCidadao\AndroidManifest.xml:20:17-69
	android:name
		ADDED from bin\DengueZeroCidadao\AndroidManifest.xml:20:25-66
category#android.intent.category.LAUNCHER
ADDED from bin\DengueZeroCidadao\AndroidManifest.xml:21:17-77
	android:name
		ADDED from bin\DengueZeroCidadao\AndroidManifest.xml:21:27-74
activity#br.com.denguezerocidadao.MyListActivity
ADDED from bin\DengueZeroCidadao\AndroidManifest.xml:24:9-83
	android:label
		ADDED from bin\DengueZeroCidadao\AndroidManifest.xml:24:19-49
	android:name
		ADDED from bin\DengueZeroCidadao\AndroidManifest.xml:24:50-80